<?xml version="1.0" encoding="UTF-8"?>
<!-- Generated by org.testng.reporters.JUnitReportReporter -->
<testsuite skipped="1" hostname="qa-akotkar" name="DataPro" tests="1" failures="0" timestamp="14 Apr 2020 03:58:43 GMT" time="0.000" errors="0">
  <testcase name="freeCRMValues" time="0.000" classname="DataPro">
    <skipped/>
  </testcase> <!-- freeCRMValues -->
</testsuite> <!-- DataPro -->
